<?xml version="1.0" encoding="UTF-8"?>
<!-- Generated by org.testng.reporters.JUnitReportReporter -->
<testsuite hostname="LAPTOP-M477RGU6" failures="0" tests="1" name="TestNG.carwale" time="3.966" errors="0" timestamp="2024-04-05T15:47:42 IST" skipped="0">
  <testcase classname="TestNG.carwale" name="car" time="3.966"/>
  <system-out>
carwale webpage is launchaed  </system-out>
</testsuite> <!-- TestNG.carwale -->
