<?xml version="1.0" encoding="UTF-8"?>
<!-- Generated by org.testng.reporters.JUnitReportReporter -->
<testsuite hostname="LAPTOP-M477RGU6" failures="0" tests="1" name="ChronologicalOrder.Annotation" time="0.004" errors="0" timestamp="2024-05-05T23:13:25 IST" skipped="0">
  <testcase classname="ChronologicalOrder.Annotation" name="tst" time="0.004"/>
  <system-out>
    <![CDATA[test is launched]]>
  </system-out>
</testsuite> <!-- ChronologicalOrder.Annotation -->
