<?xml version="1.0" encoding="UTF-8"?>
<!-- Generated by org.testng.reporters.JUnitReportReporter -->
<testsuite hostname="LAPTOP-M477RGU6" failures="0" tests="1" name="TestNG.youtube" time="4.574" errors="0" timestamp="2024-04-05T15:48:31 IST" skipped="0">
  <testcase classname="TestNG.youtube" name="yt" time="4.574"/>
  <system-out>
yt webpage is launchaed  </system-out>
</testsuite> <!-- TestNG.youtube -->
