<?xml version="1.0" encoding="UTF-8"?>
<!-- Generated by org.testng.reporters.JUnitReportReporter -->
<testsuite hostname="LAPTOP-M477RGU6" failures="0" tests="4" name="TestNG.TestData_Test1" time="13.097" errors="0" timestamp="2024-03-26T19:16:14 IST" skipped="1">
  <testcase classname="TestNG.TestData_Test1" name="insta" time="4.570"/>
  <system-out>
insta page is launched  </system-out>
  <testcase classname="TestNG.TestData_Test1" name="BMS" time="3.435"/>
  <system-out>
BMS page is launched  </system-out>
  <testcase classname="TestNG.TestData_Test1" name="insta" time="5.092"/>
  <system-out>
insta page is launched  </system-out>
  <testcase classname="TestNG.TestData_Test1" name="facebook">
    <skipped/>
  </testcase> <!-- facebook -->
  <system-out/>
</testsuite> <!-- TestNG.TestData_Test1 -->
