<?xml version="1.0" encoding="UTF-8"?>
<!-- Generated by org.testng.reporters.JUnitReportReporter -->
<testsuite hostname="LAPTOP-M477RGU6" failures="0" tests="1" name="TestNG.facebook" time="6.659" errors="0" timestamp="2024-04-05T15:28:51 IST" skipped="0">
  <testcase classname="TestNG.facebook" name="fb" time="6.659"/>
  <system-out>
fb webpage is launchaed  </system-out>
</testsuite> <!-- TestNG.facebook -->
