<?xml version="1.0" encoding="UTF-8"?>
<!-- Generated by org.testng.reporters.JUnitReportReporter -->
<testsuite hostname="LAPTOP-M477RGU6" failures="0" tests="1" name="TestNG.amazon" time="3.018" errors="0" timestamp="2024-04-05T15:47:42 IST" skipped="0">
  <testcase classname="TestNG.amazon" name="amaz" time="3.018"/>
  <system-out>
amazon webpage book.comis launchaed  </system-out>
</testsuite> <!-- TestNG.amazon -->
