<?xml version="1.0" encoding="UTF-8"?>
<!-- Generated by org.testng.reporters.JUnitReportReporter -->
<testsuite hostname="LAPTOP-M477RGU6" failures="0" tests="4" name="DataProvider.Credentials" time="11.562" errors="0" timestamp="2024-04-05T21:44:46 IST" skipped="0">
  <testcase classname="DataProvider.Credentials" name="Login" time="3.161"/>
  <system-out/>
  <testcase classname="DataProvider.Credentials" name="Login" time="2.773"/>
  <system-out/>
  <testcase classname="DataProvider.Credentials" name="Login" time="2.923"/>
  <system-out/>
  <testcase classname="DataProvider.Credentials" name="Login" time="2.705"/>
  <system-out/>
</testsuite> <!-- DataProvider.Credentials -->
