<?xml version="1.0" encoding="UTF-8"?>
<!-- Generated by org.testng.reporters.JUnitReportReporter -->
<testsuite hostname="LAPTOP-M477RGU6" failures="0" tests="4" name="TestNG.TestNG_Test" time="19.354" errors="0" timestamp="2024-05-04T18:00:19 IST" skipped="0">
  <testcase classname="TestNG.TestNG_Test" name="insta" time="6.525"/>
  <system-out>
    <![CDATA[insta page is launched]]>
  </system-out>
  <testcase classname="TestNG.TestNG_Test" name="insta" time="6.065"/>
  <system-out>
    <![CDATA[insta page is launched]]>
  </system-out>
  <testcase classname="TestNG.TestNG_Test" name="facebook" time="2.836"/>
  <system-out>
    <![CDATA[FB page is launched]]>
  </system-out>
  <testcase classname="TestNG.TestNG_Test" name="BMS" time="3.928"/>
  <system-out>
    <![CDATA[BMS page is launched]]>
  </system-out>
</testsuite> <!-- TestNG.TestNG_Test -->
